[09:44:00] [main/INFO]: Environment: authHost='https://authserver.mojang.com', accountsHost='https://api.mojang.com', sessionHost='https://sessionserver.mojang.com', name='PROD'
[09:44:01] [main/WARN]: Ambiguity between arguments [teleport, destination] and [teleport, targets] with inputs: [Player, 0123, @e, dd12be42-52a9-4a91-a8a1-11c01849e498]
[09:44:01] [main/WARN]: Ambiguity between arguments [teleport, location] and [teleport, destination] with inputs: [0.1 -0.5 .9, 0 0 0]
[09:44:01] [main/WARN]: Ambiguity between arguments [teleport, location] and [teleport, targets] with inputs: [0.1 -0.5 .9, 0 0 0]
[09:44:01] [main/WARN]: Ambiguity between arguments [teleport, targets] and [teleport, destination] with inputs: [Player, 0123, dd12be42-52a9-4a91-a8a1-11c01849e498]
[09:44:01] [main/WARN]: Ambiguity between arguments [teleport, targets, location] and [teleport, targets, destination] with inputs: [0.1 -0.5 .9, 0 0 0]
[09:44:01] [main/INFO]: Reloading ResourceManager: Default
[09:44:01] [Worker-Main-11/INFO]: Loaded 7 recipes
[09:44:02] [Worker-Main-11/INFO]: Loaded 927 advancements
[09:44:04] [Server thread/INFO]: Starting minecraft server version 1.16.3
[09:44:04] [Server thread/INFO]: Loading properties
[09:44:04] [Server thread/INFO]: Default game type: SURVIVAL
[09:44:04] [Server thread/INFO]: Generating keypair
[09:44:04] [Server thread/INFO]: Starting Minecraft server on *:25565
[09:44:04] [Server thread/INFO]: Using default channel type
[09:44:05] [Server thread/WARN]: **** SERVER IS RUNNING IN OFFLINE/INSECURE MODE!
[09:44:05] [Server thread/WARN]: The server will make no attempt to authenticate usernames. Beware.
[09:44:05] [Server thread/WARN]: While this makes the game possible to play without internet access, it also opens up the ability for hackers to connect with any username they choose.
[09:44:05] [Server thread/WARN]: To change this, set "online-mode" to "true" in the server.properties file.
[09:44:05] [Server thread/INFO]: Preparing level "world"
[09:44:06] [Server thread/INFO]: Preparing start region for dimension minecraft:overworld
[09:44:08] [Server thread/INFO]: Preparing spawn area: 0%
[09:44:08] [Server thread/INFO]: Preparing spawn area: 0%
[09:44:08] [Server thread/INFO]: Preparing spawn area: 0%
[09:44:08] [Server thread/INFO]: Preparing spawn area: 0%
[09:44:08] [Server thread/INFO]: Preparing spawn area: 0%
[09:44:09] [Server thread/INFO]: Preparing spawn area: 0%
[09:44:09] [Server thread/INFO]: Preparing spawn area: 0%
[09:44:11] [Server thread/INFO]: Time elapsed: 5094 ms
[09:44:11] [Server thread/INFO]: Done (5.277s)! For help, type "help"
[09:48:21] [Server thread/INFO]: oruat[/25.99.45.193:51464] logged in with entity id 322 at (120.8186873792599, 68.5, -401.7191104270383)
[09:48:21] [Server thread/INFO]: oruat joined the game
[09:48:21] [Server thread/WARN]: Can't keep up! Is the server overloaded? Running 2011ms or 40 ticks behind
[09:49:02] [Server thread/INFO]: oruat lost connection: Timed out
[09:49:02] [Server thread/INFO]: oruat left the game
[09:49:13] [Server thread/INFO]: oruat[/25.99.45.193:51474] logged in with entity id 632 at (120.0912793319612, 64.0, -396.2175343526672)
[09:49:13] [Server thread/INFO]: oruat joined the game
[09:49:46] [Server thread/INFO]: oruat lost connection: Timed out
[09:49:46] [Server thread/INFO]: oruat left the game
[09:49:55] [Server thread/INFO]: oruat[/25.99.45.193:51480] logged in with entity id 743 at (114.15340634433775, 64.0, -410.27359874962383)
[09:49:55] [Server thread/INFO]: oruat joined the game
[09:50:31] [Server thread/INFO]: oruat lost connection: Timed out
[09:50:31] [Server thread/INFO]: oruat left the game
[09:50:42] [Server thread/INFO]: oruat[/25.99.45.193:51490] logged in with entity id 847 at (120.5, 64.0, -412.5)
[09:50:42] [Server thread/INFO]: oruat joined the game
[09:51:33] [Server thread/INFO]: oruat lost connection: Timed out
[09:51:33] [Server thread/INFO]: oruat left the game
[09:52:14] [Server thread/INFO]: oruat[/25.99.45.193:51504] logged in with entity id 982 at (113.8454269183272, 63.0, -407.81357825939034)
[09:52:14] [Server thread/INFO]: oruat joined the game
[09:53:13] [Server thread/INFO]: oruat lost connection: Timed out
[09:53:13] [Server thread/INFO]: oruat left the game
[09:53:19] [Server thread/INFO]: Stopping the server
[09:53:20] [Server thread/INFO]: Stopping server
[09:53:20] [Server thread/INFO]: Saving players
[09:53:20] [Server thread/INFO]: Saving worlds
[09:53:20] [Server thread/INFO]: Saving chunks for level 'ServerLevel[world]'/minecraft:overworld
[09:53:21] [Server thread/INFO]: ThreadedAnvilChunkStorage (world): All chunks are saved
[09:53:21] [Server thread/INFO]: Saving chunks for level 'ServerLevel[world]'/minecraft:the_nether
[09:53:21] [Server thread/INFO]: ThreadedAnvilChunkStorage (DIM-1): All chunks are saved
[09:53:21] [Server thread/INFO]: Saving chunks for level 'ServerLevel[world]'/minecraft:the_end
[09:53:21] [Server thread/INFO]: ThreadedAnvilChunkStorage (DIM1): All chunks are saved
[09:53:21] [Server thread/INFO]: ThreadedAnvilChunkStorage (world): All chunks are saved
[09:53:21] [Server thread/INFO]: ThreadedAnvilChunkStorage (DIM-1): All chunks are saved
[09:53:21] [Server thread/INFO]: ThreadedAnvilChunkStorage (DIM1): All chunks are saved
